2016-08-02T17:01:46+03:00 [ERROR] [Router->start] [91] Не существует класс контроллера: Controller_index
2016-08-03T13:26:55+03:00 [ERROR] [Model_PostgreSQLOperations->getRoleNameAndId] [56] Нет данных о данном пользователе: ershov 
2016-08-03T13:27:36+03:00 [ERROR] [Model_PostgreSQLOperations->getRoleNameAndId] [56] Нет данных о данном пользователе: ershov 
2016-08-03T13:27:59+03:00 [ERROR] [Model_PostgreSQLOperations->getRoleNameAndId] [56] Нет данных о данном пользователе: ershov 
2016-08-08T13:27:50+03:00 [ERROR] [Model_PostgreSQLOperations->getProjectNames] [146] Не удается выполнить запрос на получение списка проектов. ERROR:  syntax error at or near "."
LINE 1: ...T r.project_id, r.project_name, r.department_id rd.departmen...
                                                             ^
2016-08-08T13:57:28+00:00 [ERROR] [Router->start] [94] Не существует класс контроллера: Controller_index
2016-08-08T13:58:34+00:00 [ERROR] [Router->start] [94] Не существует класс контроллера: Controller_index
2016-08-08T13:58:36+00:00 [ERROR] [Router->start] [94] Не существует класс контроллера: Controller_index
2016-08-08T13:58:38+00:00 [ERROR] [Router->start] [94] Не существует класс контроллера: Controller_index
2016-08-08T13:58:47+00:00 [ERROR] [Router->start] [94] Не существует класс контроллера: Controller_index
2016-08-08T14:01:39+00:00 [ERROR] [Router->start] [93] Не существует класс контроллера: Controller_index
2016-08-08T14:01:47+00:00 [ERROR] [Router->start] [93] Не существует класс контроллера: Controller_index
2016-08-08T14:02:05+00:00 [ERROR] [Router->start] [93] Не существует класс контроллера: Controller_index
2016-08-08T14:02:35+00:00 [ERROR] [Router->start] [93] Не существует класс контроллера: Controller_index
2016-08-08T14:03:27+00:00 [ERROR] [Router->start] [93] Не существует класс контроллера: Controller_index
2016-08-08T14:47:36+00:00 [ERROR] [Registry->get] [37] Элемент массива registry с ключем date пуст.
2016-08-08T14:47:36+00:00 [ERROR] [Controller_list->index] [66] Не выбрана дата.
2016-08-08T14:47:38+00:00 [ERROR] [Registry->get] [37] Элемент массива registry с ключем date пуст.
2016-08-08T14:47:38+00:00 [ERROR] [Controller_list->index] [66] Не выбрана дата.
2016-08-08T14:48:20+00:00 [ERROR] [Router->start] [94] Не существует класс контроллера: Controller_index
2016-08-08T14:49:01+00:00 [ERROR] [Router->start] [94] Не существует класс контроллера: Controller_index
2016-08-08T14:49:31+00:00 [ERROR] [Router->start] [94] Не существует класс контроллера: Controller_index
2016-08-08T14:49:32+00:00 [ERROR] [Router->start] [94] Не существует класс контроллера: Controller_index
2016-08-08T14:49:33+00:00 [ERROR] [Router->start] [94] Не существует класс контроллера: Controller_index
2016-08-08T14:49:34+00:00 [ERROR] [Router->start] [94] Не существует класс контроллера: Controller_index
2016-08-08T14:51:39+00:00 [ERROR] [Router->start] [94] Не существует класс контроллера: Controller_index
2016-08-08T14:51:40+00:00 [ERROR] [Router->start] [94] Не существует класс контроллера: Controller_index
2016-08-08T14:51:54+00:00 [ERROR] [Router->start] [94] Не существует класс контроллера: Controller_index
2016-08-08T14:51:54+00:00 [ERROR] [Router->start] [94] Не существует класс контроллера: Controller_index
2016-08-08T14:52:05+00:00 [ERROR] [Router->start] [94] Не существует класс контроллера: Controller_index
2016-08-08T14:52:07+00:00 [ERROR] [Router->start] [94] Не существует класс контроллера: Controller_index
2016-08-08T14:52:37+00:00 [ERROR] [Registry->get] [37] Элемент массива registry с ключем date пуст.
2016-08-08T14:52:37+00:00 [ERROR] [Controller_list->index] [63] Не выбрана дата.
2016-08-08T14:54:23+00:00 [ERROR] [Registry->get] [37] Элемент массива registry с ключем dete пуст.
2016-08-08T14:54:23+00:00 [ERROR] [Controller_list->index] [63] Не выбрана дата.
2016-08-08T14:54:37+00:00 [ERROR] [Registry->get] [37] Элемент массива registry с ключем date пуст.
2016-08-08T14:54:37+00:00 [ERROR] [Controller_list->index] [63] Не выбрана дата.
2016-08-08T14:54:38+00:00 [ERROR] [Registry->get] [37] Элемент массива registry с ключем date пуст.
2016-08-08T14:54:38+00:00 [ERROR] [Controller_list->index] [63] Не выбрана дата.
2016-08-08T14:54:38+00:00 [ERROR] [Registry->get] [37] Элемент массива registry с ключем date пуст.
2016-08-08T14:54:38+00:00 [ERROR] [Controller_list->index] [63] Не выбрана дата.
2016-08-08T14:54:39+00:00 [ERROR] [Registry->get] [37] Элемент массива registry с ключем date пуст.
2016-08-08T14:54:39+00:00 [ERROR] [Controller_list->index] [63] Не выбрана дата.
2016-08-08T14:54:44+00:00 [ERROR] [Registry->get] [37] Элемент массива registry с ключем date пуст.
2016-08-08T14:54:44+00:00 [ERROR] [Controller_list->index] [63] Не выбрана дата.
2016-08-08T14:55:06+00:00 [ERROR] [Registry->get] [37] Элемент массива registry с ключем date пуст.
2016-08-08T14:55:06+00:00 [ERROR] [Controller_list->index] [64] Не выбрана дата.
2016-08-08T14:55:52+00:00 [ERROR] [Registry->get] [37] Элемент массива registry с ключем date пуст.
2016-08-08T14:55:52+00:00 [ERROR] [Controller_list->index] [64] Не выбрана дата.
2016-08-08T14:55:53+00:00 [ERROR] [Registry->get] [37] Элемент массива registry с ключем date пуст.
2016-08-08T14:55:53+00:00 [ERROR] [Controller_list->index] [64] Не выбрана дата.
2016-08-08T14:55:54+00:00 [ERROR] [Registry->get] [37] Элемент массива registry с ключем date пуст.
2016-08-08T14:55:54+00:00 [ERROR] [Controller_list->index] [64] Не выбрана дата.
2016-08-08T14:55:54+00:00 [ERROR] [Registry->get] [37] Элемент массива registry с ключем date пуст.
2016-08-08T14:55:54+00:00 [ERROR] [Controller_list->index] [64] Не выбрана дата.
2016-08-08T14:58:17+00:00 [ERROR] [Registry->get] [37] Элемент массива registry с ключем date пуст.
2016-08-08T14:58:17+00:00 [ERROR] [Controller_list->index] [64] Не выбрана дата.
2016-08-08T14:58:18+00:00 [ERROR] [Registry->get] [37] Элемент массива registry с ключем date пуст.
2016-08-08T14:58:18+00:00 [ERROR] [Controller_list->index] [64] Не выбрана дата.
2016-08-08T14:58:18+00:00 [ERROR] [Registry->get] [37] Элемент массива registry с ключем date пуст.
2016-08-08T14:58:18+00:00 [ERROR] [Controller_list->index] [64] Не выбрана дата.
2016-08-08T14:58:18+00:00 [ERROR] [Registry->get] [37] Элемент массива registry с ключем date пуст.
2016-08-08T14:58:18+00:00 [ERROR] [Controller_list->index] [64] Не выбрана дата.
2016-08-08T14:58:18+00:00 [ERROR] [Registry->get] [37] Элемент массива registry с ключем date пуст.
2016-08-08T14:58:18+00:00 [ERROR] [Controller_list->index] [64] Не выбрана дата.
2016-08-08T14:58:18+00:00 [ERROR] [Registry->get] [37] Элемент массива registry с ключем date пуст.
2016-08-08T14:58:18+00:00 [ERROR] [Controller_list->index] [64] Не выбрана дата.
2016-08-08T14:58:19+00:00 [ERROR] [Registry->get] [37] Элемент массива registry с ключем date пуст.
2016-08-08T14:58:19+00:00 [ERROR] [Controller_list->index] [64] Не выбрана дата.
2016-08-08T14:58:19+00:00 [ERROR] [Registry->get] [37] Элемент массива registry с ключем date пуст.
2016-08-08T14:58:19+00:00 [ERROR] [Controller_list->index] [64] Не выбрана дата.
2016-08-08T14:59:15+00:00 [ERROR] [Router->start] [94] Не существует класс контроллера: Controller_index
2016-08-08T14:59:33+00:00 [ERROR] [Router->start] [94] Не существует класс контроллера: Controller_index
2016-08-08T14:59:35+00:00 [ERROR] [Registry->get] [37] Элемент массива registry с ключем date пуст.
2016-08-08T14:59:35+00:00 [ERROR] [Controller_list->index] [64] Не выбрана дата.
2016-08-08T15:00:27+00:00 [ERROR] [Registry->get] [37] Элемент массива registry с ключем date пуст.
2016-08-08T15:00:27+00:00 [ERROR] [Controller_list->index] [63] Не выбрана дата.
2016-08-08T15:01:31+00:00 [ERROR] [Registry->get] [37] Элемент массива registry с ключем GET пуст.
2016-08-08T15:01:31+00:00 [ERROR] [Controller_list->index] [63] Не выбрана дата.
2016-08-08T15:01:44+00:00 [ERROR] [Registry->get] [37] Элемент массива registry с ключем GET пуст.
2016-08-08T15:01:44+00:00 [ERROR] [Controller_list->index] [63] Не выбрана дата.
2016-08-08T15:01:45+00:00 [ERROR] [Registry->get] [37] Элемент массива registry с ключем GET пуст.
2016-08-08T15:01:45+00:00 [ERROR] [Controller_list->index] [63] Не выбрана дата.
2016-08-08T15:01:46+00:00 [ERROR] [Registry->get] [37] Элемент массива registry с ключем GET пуст.
2016-08-08T15:01:46+00:00 [ERROR] [Controller_list->index] [63] Не выбрана дата.
2016-08-08T15:01:47+00:00 [ERROR] [Registry->get] [37] Элемент массива registry с ключем GET пуст.
2016-08-08T15:01:47+00:00 [ERROR] [Controller_list->index] [63] Не выбрана дата.
2016-08-08T15:01:47+00:00 [ERROR] [Registry->get] [37] Элемент массива registry с ключем GET пуст.
2016-08-08T15:01:47+00:00 [ERROR] [Controller_list->index] [63] Не выбрана дата.
2016-08-08T15:01:47+00:00 [ERROR] [Registry->get] [37] Элемент массива registry с ключем GET пуст.
2016-08-08T15:01:47+00:00 [ERROR] [Controller_list->index] [63] Не выбрана дата.
2016-08-08T15:01:47+00:00 [ERROR] [Registry->get] [37] Элемент массива registry с ключем GET пуст.
2016-08-08T15:01:47+00:00 [ERROR] [Controller_list->index] [63] Не выбрана дата.
2016-08-08T15:01:48+00:00 [ERROR] [Registry->get] [37] Элемент массива registry с ключем GET пуст.
2016-08-08T15:01:48+00:00 [ERROR] [Controller_list->index] [63] Не выбрана дата.
2016-08-08T15:01:48+00:00 [ERROR] [Registry->get] [37] Элемент массива registry с ключем GET пуст.
2016-08-08T15:01:48+00:00 [ERROR] [Controller_list->index] [63] Не выбрана дата.
2016-08-08T15:01:51+00:00 [ERROR] [Registry->get] [37] Элемент массива registry с ключем GET пуст.
2016-08-08T15:01:51+00:00 [ERROR] [Controller_list->index] [63] Не выбрана дата.
2016-08-08T15:01:53+00:00 [ERROR] [Registry->get] [37] Элемент массива registry с ключем GET пуст.
2016-08-08T15:01:53+00:00 [ERROR] [Controller_list->index] [63] Не выбрана дата.
2016-08-08T15:01:53+00:00 [ERROR] [Registry->get] [37] Элемент массива registry с ключем GET пуст.
2016-08-08T15:01:53+00:00 [ERROR] [Controller_list->index] [63] Не выбрана дата.
2016-08-08T15:02:01+00:00 [ERROR] [Registry->get] [37] Элемент массива registry с ключем GET пуст.
2016-08-08T15:02:01+00:00 [ERROR] [Controller_list->index] [63] Не выбрана дата.
2016-08-08T15:02:03+00:00 [ERROR] [Registry->get] [37] Элемент массива registry с ключем GET пуст.
2016-08-08T15:02:03+00:00 [ERROR] [Controller_list->index] [63] Не выбрана дата.
2016-08-08T15:05:10+00:00 [ERROR] [Registry->get] [37] Элемент массива registry с ключем POST пуст.
2016-08-08T15:05:14+00:00 [ERROR] [Registry->get] [37] Элемент массива registry с ключем POST пуст.
2016-08-08T15:05:23+00:00 [ERROR] [Registry->get] [37] Элемент массива registry с ключем POST пуст.
2016-08-08T15:07:48+00:00 [ERROR] [Registry->get] [37] Элемент массива registry с ключем POST пуст.
2016-08-08T15:07:48+00:00 [ERROR] [Registry->get] [37] Элемент массива registry с ключем POST пуст.
2016-08-08T15:07:48+00:00 [ERROR] [Registry->get] [37] Элемент массива registry с ключем POST пуст.
2016-08-08T15:07:48+00:00 [ERROR] [Registry->get] [37] Элемент массива registry с ключем GET пуст.
2016-08-08T15:07:58+00:00 [ERROR] [Registry->get] [37] Элемент массива registry с ключем POST пуст.
2016-08-08T15:07:58+00:00 [ERROR] [Registry->get] [37] Элемент массива registry с ключем POST пуст.
2016-08-08T15:07:58+00:00 [ERROR] [Registry->get] [37] Элемент массива registry с ключем POST пуст.
2016-08-08T15:07:58+00:00 [ERROR] [Registry->get] [37] Элемент массива registry с ключем GET пуст.
2016-08-08T15:08:00+00:00 [ERROR] [Registry->get] [37] Элемент массива registry с ключем POST пуст.
2016-08-08T15:08:00+00:00 [ERROR] [Registry->get] [37] Элемент массива registry с ключем POST пуст.
2016-08-08T15:08:00+00:00 [ERROR] [Registry->get] [37] Элемент массива registry с ключем POST пуст.
2016-08-08T15:08:00+00:00 [ERROR] [Registry->get] [37] Элемент массива registry с ключем GET пуст.
2016-08-08T15:09:10+00:00 [ERROR] [Registry->get] [37] Элемент массива registry с ключем POST пуст.
2016-08-08T15:09:10+00:00 [ERROR] [Registry->get] [37] Элемент массива registry с ключем action пуст.
2016-08-08T15:10:03+00:00 [ERROR] [Registry->get] [37] Элемент массива registry с ключем POST пуст.
2016-08-08T15:10:03+00:00 [ERROR] [Registry->get] [37] Элемент массива registry с ключем POST пуст.
2016-08-08T15:10:03+00:00 [ERROR] [Registry->get] [37] Элемент массива registry с ключем action пуст.
2016-08-08T15:11:10+00:00 [ERROR] [Registry->get] [37] Элемент массива registry с ключем POST пуст.
2016-08-08T15:11:10+00:00 [ERROR] [Registry->get] [37] Элемент массива registry с ключем action пуст.
2016-08-08T15:11:44+00:00 [ERROR] [Registry->get] [37] Элемент массива registry с ключем POST пуст.
2016-08-08T15:11:44+00:00 [ERROR] [Registry->get] [37] Элемент массива registry с ключем action пуст.
2016-08-08T15:12:01+00:00 [ERROR] [Registry->get] [37] Элемент массива registry с ключем POST пуст.
2016-08-08T15:12:01+00:00 [ERROR] [Registry->get] [37] Элемент массива registry с ключем action пуст.
2016-08-08T15:12:18+00:00 [ERROR] [Registry->get] [37] Элемент массива registry с ключем POST пуст.
2016-08-08T15:12:18+00:00 [ERROR] [Registry->get] [37] Элемент массива registry с ключем action пуст.
2016-08-08T15:13:20+00:00 [ERROR] [Registry->get] [37] Элемент массива registry с ключем POST пуст.
2016-08-08T15:13:20+00:00 [ERROR] [Registry->get] [37] Элемент массива registry с ключем action пуст.
2016-08-08T15:13:21+00:00 [ERROR] [Registry->get] [37] Элемент массива registry с ключем POST пуст.
2016-08-08T15:13:21+00:00 [ERROR] [Registry->get] [37] Элемент массива registry с ключем action пуст.
2016-08-08T15:13:22+00:00 [ERROR] [Registry->get] [37] Элемент массива registry с ключем POST пуст.
2016-08-08T15:13:22+00:00 [ERROR] [Registry->get] [37] Элемент массива registry с ключем action пуст.
2016-08-08T15:13:22+00:00 [ERROR] [Registry->get] [37] Элемент массива registry с ключем POST пуст.
2016-08-08T15:13:22+00:00 [ERROR] [Registry->get] [37] Элемент массива registry с ключем action пуст.
2016-08-08T15:13:23+00:00 [ERROR] [Registry->get] [37] Элемент массива registry с ключем POST пуст.
2016-08-08T15:13:23+00:00 [ERROR] [Registry->get] [37] Элемент массива registry с ключем action пуст.
2016-08-08T15:13:23+00:00 [ERROR] [Registry->get] [37] Элемент массива registry с ключем POST пуст.
2016-08-08T15:13:23+00:00 [ERROR] [Registry->get] [37] Элемент массива registry с ключем action пуст.
2016-08-08T15:13:23+00:00 [ERROR] [Registry->get] [37] Элемент массива registry с ключем POST пуст.
2016-08-08T15:13:23+00:00 [ERROR] [Registry->get] [37] Элемент массива registry с ключем action пуст.
2016-08-08T15:13:23+00:00 [ERROR] [Registry->get] [37] Элемент массива registry с ключем POST пуст.
2016-08-08T15:13:23+00:00 [ERROR] [Registry->get] [37] Элемент массива registry с ключем action пуст.
2016-08-08T15:13:23+00:00 [ERROR] [Registry->get] [37] Элемент массива registry с ключем POST пуст.
2016-08-08T15:13:23+00:00 [ERROR] [Registry->get] [37] Элемент массива registry с ключем action пуст.
2016-08-08T15:13:24+00:00 [ERROR] [Registry->get] [37] Элемент массива registry с ключем POST пуст.
2016-08-08T15:13:24+00:00 [ERROR] [Registry->get] [37] Элемент массива registry с ключем action пуст.
2016-08-08T15:13:24+00:00 [ERROR] [Registry->get] [37] Элемент массива registry с ключем POST пуст.
2016-08-08T15:13:24+00:00 [ERROR] [Registry->get] [37] Элемент массива registry с ключем action пуст.
2016-08-08T15:13:24+00:00 [ERROR] [Registry->get] [37] Элемент массива registry с ключем POST пуст.
2016-08-08T15:13:24+00:00 [ERROR] [Registry->get] [37] Элемент массива registry с ключем action пуст.
2016-08-08T15:13:24+00:00 [ERROR] [Registry->get] [37] Элемент массива registry с ключем POST пуст.
2016-08-08T15:13:24+00:00 [ERROR] [Registry->get] [37] Элемент массива registry с ключем action пуст.
2016-08-08T15:13:24+00:00 [ERROR] [Registry->get] [37] Элемент массива registry с ключем POST пуст.
2016-08-08T15:13:24+00:00 [ERROR] [Registry->get] [37] Элемент массива registry с ключем action пуст.
